<?xml version="1.0" encoding="UTF-8"?>
<testsuite xmlns:xsi="http://www.w3.org/2001/XMLSchema-instance" xsi:schemaLocation="https://maven.apache.org/surefire/maven-surefire-plugin/xsd/surefire-test-report.xsd" name="org.gradoop.flink.model.impl.operators.matching.single.cypher.CypherPatternMatchingIsomorphismTest" time="17.462" tests="60" errors="0" skipped="0" failures="0">
  <properties>
    <property name="java.runtime.name" value="Java(TM) SE Runtime Environment"/>
    <property name="sun.boot.library.path" value="/Library/Java/JavaVirtualMachines/jdk1.8.0_121.jdk/Contents/Home/jre/lib"/>
    <property name="java.vm.version" value="25.121-b13"/>
    <property name="gopherProxySet" value="false"/>
    <property name="java.vm.vendor" value="Oracle Corporation"/>
    <property name="maven.multiModuleProjectDirectory" value="/Users/ashwinramesh/Documents/gradoop"/>
    <property name="java.vendor.url" value="http://java.oracle.com/"/>
    <property name="path.separator" value=":"/>
    <property name="guice.disable.misplaced.annotation.check" value="true"/>
    <property name="java.vm.name" value="Java HotSpot(TM) 64-Bit Server VM"/>
    <property name="file.encoding.pkg" value="sun.io"/>
    <property name="user.country" value="US"/>
    <property name="sun.java.launcher" value="SUN_STANDARD"/>
    <property name="sun.os.patch.level" value="unknown"/>
    <property name="java.vm.specification.name" value="Java Virtual Machine Specification"/>
    <property name="user.dir" value="/Users/ashwinramesh/Documents/gradoop"/>
    <property name="java.runtime.version" value="1.8.0_121-b13"/>
    <property name="java.awt.graphicsenv" value="sun.awt.CGraphicsEnvironment"/>
    <property name="java.endorsed.dirs" value="/Library/Java/JavaVirtualMachines/jdk1.8.0_121.jdk/Contents/Home/jre/lib/endorsed"/>
    <property name="os.arch" value="x86_64"/>
    <property name="java.io.tmpdir" value="/var/folders/bm/z2665z7d59z12qw65prjrpfc0000gn/T/"/>
    <property name="line.separator" value="&#10;"/>
    <property name="java.vm.specification.vendor" value="Oracle Corporation"/>
    <property name="os.name" value="Mac OS X"/>
    <property name="classworlds.conf" value="/usr/local/Cellar/maven/3.5.0/libexec/bin/m2.conf"/>
    <property name="sun.jnu.encoding" value="UTF-8"/>
    <property name="java.library.path" value="/Users/ashwinramesh/Library/Java/Extensions:/Library/Java/Extensions:/Network/Library/Java/Extensions:/System/Library/Java/Extensions:/usr/lib/java:."/>
    <property name="maven.conf" value="/usr/local/Cellar/maven/3.5.0/libexec/conf"/>
    <property name="java.specification.name" value="Java Platform API Specification"/>
    <property name="java.class.version" value="52.0"/>
    <property name="sun.management.compiler" value="HotSpot 64-Bit Tiered Compilers"/>
    <property name="os.version" value="10.12.5"/>
    <property name="library.jansi.path" value="/usr/local/Cellar/maven/3.5.0/libexec/lib/jansi-native/osx64"/>
    <property name="http.nonProxyHosts" value="local|*.local|169.254/16|*.169.254/16"/>
    <property name="user.home" value="/Users/ashwinramesh"/>
    <property name="user.timezone" value="America/Los_Angeles"/>
    <property name="java.awt.printerjob" value="sun.lwawt.macosx.CPrinterJob"/>
    <property name="java.specification.version" value="1.8"/>
    <property name="file.encoding" value="UTF-8"/>
    <property name="user.name" value="ashwinramesh"/>
    <property name="java.class.path" value="/usr/local/Cellar/maven/3.5.0/libexec/boot/plexus-classworlds-2.5.2.jar"/>
    <property name="java.vm.specification.version" value="1.8"/>
    <property name="sun.arch.data.model" value="64"/>
    <property name="java.home" value="/Library/Java/JavaVirtualMachines/jdk1.8.0_121.jdk/Contents/Home/jre"/>
    <property name="sun.java.command" value="org.codehaus.plexus.classworlds.launcher.Launcher clean install"/>
    <property name="java.specification.vendor" value="Oracle Corporation"/>
    <property name="user.language" value="en"/>
    <property name="awt.toolkit" value="sun.lwawt.macosx.LWCToolkit"/>
    <property name="java.vm.info" value="mixed mode"/>
    <property name="java.version" value="1.8.0_121"/>
    <property name="java.ext.dirs" value="/Users/ashwinramesh/Library/Java/Extensions:/Library/Java/JavaVirtualMachines/jdk1.8.0_121.jdk/Contents/Home/jre/lib/ext:/Library/Java/Extensions:/Network/Library/Java/Extensions:/System/Library/Java/Extensions:/usr/lib/java"/>
    <property name="sun.boot.class.path" value="/Library/Java/JavaVirtualMachines/jdk1.8.0_121.jdk/Contents/Home/jre/lib/resources.jar:/Library/Java/JavaVirtualMachines/jdk1.8.0_121.jdk/Contents/Home/jre/lib/rt.jar:/Library/Java/JavaVirtualMachines/jdk1.8.0_121.jdk/Contents/Home/jre/lib/sunrsasign.jar:/Library/Java/JavaVirtualMachines/jdk1.8.0_121.jdk/Contents/Home/jre/lib/jsse.jar:/Library/Java/JavaVirtualMachines/jdk1.8.0_121.jdk/Contents/Home/jre/lib/jce.jar:/Library/Java/JavaVirtualMachines/jdk1.8.0_121.jdk/Contents/Home/jre/lib/charsets.jar:/Library/Java/JavaVirtualMachines/jdk1.8.0_121.jdk/Contents/Home/jre/lib/jfr.jar:/Library/Java/JavaVirtualMachines/jdk1.8.0_121.jdk/Contents/Home/jre/classes"/>
    <property name="java.vendor" value="Oracle Corporation"/>
    <property name="maven.home" value="/usr/local/Cellar/maven/3.5.0/libexec"/>
    <property name="file.separator" value="/"/>
    <property name="java.vendor.url.bug" value="http://bugreport.sun.com/bugreport/"/>
    <property name="sun.cpu.endian" value="little"/>
    <property name="sun.io.unicode.encoding" value="UnicodeBig"/>
    <property name="socksNonProxyHosts" value="local|*.local|169.254/16|*.169.254/16"/>
    <property name="ftp.nonProxyHosts" value="local|*.local|169.254/16|*.169.254/16"/>
    <property name="sun.cpu.isalist" value=""/>
  </properties>
  <testcase name="testVariableMappingExists[0: Graph1_Chain0]" classname="org.gradoop.flink.model.impl.operators.matching.single.cypher.CypherPatternMatchingIsomorphismTest" time="0.24"/>
  <testcase name="testGraphElementEquality[0: Graph1_Chain0]" classname="org.gradoop.flink.model.impl.operators.matching.single.cypher.CypherPatternMatchingIsomorphismTest" time="0.288"/>
  <testcase name="testGraphElementIdEquality[0: Graph1_Chain0]" classname="org.gradoop.flink.model.impl.operators.matching.single.cypher.CypherPatternMatchingIsomorphismTest" time="0.228"/>
  <testcase name="testVariableMappingExists[1: Graph1_Chain2]" classname="org.gradoop.flink.model.impl.operators.matching.single.cypher.CypherPatternMatchingIsomorphismTest" time="0.012"/>
  <testcase name="testGraphElementEquality[1: Graph1_Chain2]" classname="org.gradoop.flink.model.impl.operators.matching.single.cypher.CypherPatternMatchingIsomorphismTest" time="0.188"/>
  <testcase name="testGraphElementIdEquality[1: Graph1_Chain2]" classname="org.gradoop.flink.model.impl.operators.matching.single.cypher.CypherPatternMatchingIsomorphismTest" time="0.192"/>
  <testcase name="testVariableMappingExists[2: Graph2_Chain3]" classname="org.gradoop.flink.model.impl.operators.matching.single.cypher.CypherPatternMatchingIsomorphismTest" time="0.336"/>
  <testcase name="testGraphElementEquality[2: Graph2_Chain3]" classname="org.gradoop.flink.model.impl.operators.matching.single.cypher.CypherPatternMatchingIsomorphismTest" time="0.201"/>
  <testcase name="testGraphElementIdEquality[2: Graph2_Chain3]" classname="org.gradoop.flink.model.impl.operators.matching.single.cypher.CypherPatternMatchingIsomorphismTest" time="0.297"/>
  <testcase name="testVariableMappingExists[3: Graph2_Loop0]" classname="org.gradoop.flink.model.impl.operators.matching.single.cypher.CypherPatternMatchingIsomorphismTest" time="0.201"/>
  <testcase name="testGraphElementEquality[3: Graph2_Loop0]" classname="org.gradoop.flink.model.impl.operators.matching.single.cypher.CypherPatternMatchingIsomorphismTest" time="0.301"/>
  <testcase name="testGraphElementIdEquality[3: Graph2_Loop0]" classname="org.gradoop.flink.model.impl.operators.matching.single.cypher.CypherPatternMatchingIsomorphismTest" time="0.21"/>
  <testcase name="testVariableMappingExists[4: Graph1_Cycle2]" classname="org.gradoop.flink.model.impl.operators.matching.single.cypher.CypherPatternMatchingIsomorphismTest" time="0.209"/>
  <testcase name="testGraphElementEquality[4: Graph1_Cycle2]" classname="org.gradoop.flink.model.impl.operators.matching.single.cypher.CypherPatternMatchingIsomorphismTest" time="0.327"/>
  <testcase name="testGraphElementIdEquality[4: Graph1_Cycle2]" classname="org.gradoop.flink.model.impl.operators.matching.single.cypher.CypherPatternMatchingIsomorphismTest" time="0.225"/>
  <testcase name="testVariableMappingExists[5: Graph1_Cycle4]" classname="org.gradoop.flink.model.impl.operators.matching.single.cypher.CypherPatternMatchingIsomorphismTest" time="0.345"/>
  <testcase name="testGraphElementEquality[5: Graph1_Cycle4]" classname="org.gradoop.flink.model.impl.operators.matching.single.cypher.CypherPatternMatchingIsomorphismTest" time="0.269"/>
  <testcase name="testGraphElementIdEquality[5: Graph1_Cycle4]" classname="org.gradoop.flink.model.impl.operators.matching.single.cypher.CypherPatternMatchingIsomorphismTest" time="0.268"/>
  <testcase name="testVariableMappingExists[6: Graph2_Cycle5]" classname="org.gradoop.flink.model.impl.operators.matching.single.cypher.CypherPatternMatchingIsomorphismTest" time="0.331"/>
  <testcase name="testGraphElementEquality[6: Graph2_Cycle5]" classname="org.gradoop.flink.model.impl.operators.matching.single.cypher.CypherPatternMatchingIsomorphismTest" time="0.284"/>
  <testcase name="testGraphElementIdEquality[6: Graph2_Cycle5]" classname="org.gradoop.flink.model.impl.operators.matching.single.cypher.CypherPatternMatchingIsomorphismTest" time="0.304"/>
  <testcase name="testVariableMappingExists[7: Graph4_Cycle6]" classname="org.gradoop.flink.model.impl.operators.matching.single.cypher.CypherPatternMatchingIsomorphismTest" time="0.358"/>
  <testcase name="testGraphElementEquality[7: Graph4_Cycle6]" classname="org.gradoop.flink.model.impl.operators.matching.single.cypher.CypherPatternMatchingIsomorphismTest" time="0.365"/>
  <testcase name="testGraphElementIdEquality[7: Graph4_Cycle6]" classname="org.gradoop.flink.model.impl.operators.matching.single.cypher.CypherPatternMatchingIsomorphismTest" time="0.365"/>
  <testcase name="testVariableMappingExists[8: Graph4_Chain4]" classname="org.gradoop.flink.model.impl.operators.matching.single.cypher.CypherPatternMatchingIsomorphismTest" time="0.484"/>
  <testcase name="testGraphElementEquality[8: Graph4_Chain4]" classname="org.gradoop.flink.model.impl.operators.matching.single.cypher.CypherPatternMatchingIsomorphismTest" time="0.302"/>
  <testcase name="testGraphElementIdEquality[8: Graph4_Chain4]" classname="org.gradoop.flink.model.impl.operators.matching.single.cypher.CypherPatternMatchingIsomorphismTest" time="0.394"/>
  <testcase name="testVariableMappingExists[9: Graph5_Chain6]" classname="org.gradoop.flink.model.impl.operators.matching.single.cypher.CypherPatternMatchingIsomorphismTest" time="0.317"/>
  <testcase name="testGraphElementEquality[9: Graph5_Chain6]" classname="org.gradoop.flink.model.impl.operators.matching.single.cypher.CypherPatternMatchingIsomorphismTest" time="0.414"/>
  <testcase name="testGraphElementIdEquality[9: Graph5_Chain6]" classname="org.gradoop.flink.model.impl.operators.matching.single.cypher.CypherPatternMatchingIsomorphismTest" time="0.352"/>
  <testcase name="testVariableMappingExists[10: Graph6_Chain7]" classname="org.gradoop.flink.model.impl.operators.matching.single.cypher.CypherPatternMatchingIsomorphismTest" time="0.401"/>
  <testcase name="testGraphElementEquality[10: Graph6_Chain7]" classname="org.gradoop.flink.model.impl.operators.matching.single.cypher.CypherPatternMatchingIsomorphismTest" time="0.367"/>
  <testcase name="testGraphElementIdEquality[10: Graph6_Chain7]" classname="org.gradoop.flink.model.impl.operators.matching.single.cypher.CypherPatternMatchingIsomorphismTest" time="0.211"/>
  <testcase name="testVariableMappingExists[11: Graph3_Unlabeled0]" classname="org.gradoop.flink.model.impl.operators.matching.single.cypher.CypherPatternMatchingIsomorphismTest" time="0.012"/>
  <testcase name="testGraphElementEquality[11: Graph3_Unlabeled0]" classname="org.gradoop.flink.model.impl.operators.matching.single.cypher.CypherPatternMatchingIsomorphismTest" time="0.326"/>
  <testcase name="testGraphElementIdEquality[11: Graph3_Unlabeled0]" classname="org.gradoop.flink.model.impl.operators.matching.single.cypher.CypherPatternMatchingIsomorphismTest" time="0.194"/>
  <testcase name="testVariableMappingExists[12: Graph3_Unlabeled1]" classname="org.gradoop.flink.model.impl.operators.matching.single.cypher.CypherPatternMatchingIsomorphismTest" time="0.338"/>
  <testcase name="testGraphElementEquality[12: Graph3_Unlabeled1]" classname="org.gradoop.flink.model.impl.operators.matching.single.cypher.CypherPatternMatchingIsomorphismTest" time="0.293"/>
  <testcase name="testGraphElementIdEquality[12: Graph3_Unlabeled1]" classname="org.gradoop.flink.model.impl.operators.matching.single.cypher.CypherPatternMatchingIsomorphismTest" time="0.189"/>
  <testcase name="testVariableMappingExists[13: Graph1_Unlabeled2]" classname="org.gradoop.flink.model.impl.operators.matching.single.cypher.CypherPatternMatchingIsomorphismTest" time="0.322"/>
  <testcase name="testGraphElementEquality[13: Graph1_Unlabeled2]" classname="org.gradoop.flink.model.impl.operators.matching.single.cypher.CypherPatternMatchingIsomorphismTest" time="0.296"/>
  <testcase name="testGraphElementIdEquality[13: Graph1_Unlabeled2]" classname="org.gradoop.flink.model.impl.operators.matching.single.cypher.CypherPatternMatchingIsomorphismTest" time="0.222"/>
  <testcase name="testVariableMappingExists[14: Graph1_Unlabeled3]" classname="org.gradoop.flink.model.impl.operators.matching.single.cypher.CypherPatternMatchingIsomorphismTest" time="0.294"/>
  <testcase name="testGraphElementEquality[14: Graph1_Unlabeled3]" classname="org.gradoop.flink.model.impl.operators.matching.single.cypher.CypherPatternMatchingIsomorphismTest" time="0.215"/>
  <testcase name="testGraphElementIdEquality[14: Graph1_Unlabeled3]" classname="org.gradoop.flink.model.impl.operators.matching.single.cypher.CypherPatternMatchingIsomorphismTest" time="0.295"/>
  <testcase name="testVariableMappingExists[15: Graph1_VarLength0]" classname="org.gradoop.flink.model.impl.operators.matching.single.cypher.CypherPatternMatchingIsomorphismTest" time="0.356"/>
  <testcase name="testGraphElementEquality[15: Graph1_VarLength0]" classname="org.gradoop.flink.model.impl.operators.matching.single.cypher.CypherPatternMatchingIsomorphismTest" time="0.377"/>
  <testcase name="testGraphElementIdEquality[15: Graph1_VarLength0]" classname="org.gradoop.flink.model.impl.operators.matching.single.cypher.CypherPatternMatchingIsomorphismTest" time="0.271"/>
  <testcase name="testVariableMappingExists[16: Graph1_VarLength1]" classname="org.gradoop.flink.model.impl.operators.matching.single.cypher.CypherPatternMatchingIsomorphismTest" time="0.354"/>
  <testcase name="testGraphElementEquality[16: Graph1_VarLength1]" classname="org.gradoop.flink.model.impl.operators.matching.single.cypher.CypherPatternMatchingIsomorphismTest" time="0.335"/>
  <testcase name="testGraphElementIdEquality[16: Graph1_VarLength1]" classname="org.gradoop.flink.model.impl.operators.matching.single.cypher.CypherPatternMatchingIsomorphismTest" time="0.24"/>
  <testcase name="testVariableMappingExists[17: Graph2_VarLength2]" classname="org.gradoop.flink.model.impl.operators.matching.single.cypher.CypherPatternMatchingIsomorphismTest" time="0.352"/>
  <testcase name="testGraphElementEquality[17: Graph2_VarLength2]" classname="org.gradoop.flink.model.impl.operators.matching.single.cypher.CypherPatternMatchingIsomorphismTest" time="0.335"/>
  <testcase name="testGraphElementIdEquality[17: Graph2_VarLength2]" classname="org.gradoop.flink.model.impl.operators.matching.single.cypher.CypherPatternMatchingIsomorphismTest" time="0.218"/>
  <testcase name="testVariableMappingExists[18: Graph3_VarLength3]" classname="org.gradoop.flink.model.impl.operators.matching.single.cypher.CypherPatternMatchingIsomorphismTest" time="0.365"/>
  <testcase name="testGraphElementEquality[18: Graph3_VarLength3]" classname="org.gradoop.flink.model.impl.operators.matching.single.cypher.CypherPatternMatchingIsomorphismTest" time="0.334"/>
  <testcase name="testGraphElementIdEquality[18: Graph3_VarLength3]" classname="org.gradoop.flink.model.impl.operators.matching.single.cypher.CypherPatternMatchingIsomorphismTest" time="0.256"/>
  <testcase name="testVariableMappingExists[19: Graph2_VarLength4]" classname="org.gradoop.flink.model.impl.operators.matching.single.cypher.CypherPatternMatchingIsomorphismTest" time="0.34"/>
  <testcase name="testGraphElementEquality[19: Graph2_VarLength4]" classname="org.gradoop.flink.model.impl.operators.matching.single.cypher.CypherPatternMatchingIsomorphismTest" time="0.301"/>
  <testcase name="testGraphElementIdEquality[19: Graph2_VarLength4]" classname="org.gradoop.flink.model.impl.operators.matching.single.cypher.CypherPatternMatchingIsomorphismTest" time="0.236"/>
</testsuite>